#-----------------------------------------------------------
# Vivado v2013.3 (64-bit)
# SW Build 329390 on Wed Oct 16 18:26:55 MDT 2013
# IP Build 192953 on Wed Oct 16 08:44:02 MDT 2013
# Start of session at: Wed May 14 23:02:06 2014
# Process ID: 6349
# Log file: /home/raghu/w/vivadoProjects/wideBRAM/vivado.log
# Journal file: /home/raghu/w/vivadoProjects/wideBRAM/vivado.jou
#-----------------------------------------------------------
INFO: [Common 17-78] Attempting to get a license: Implementation
INFO: [Common 17-81] Feature available: Implementation
INFO: [Device 21-36] Loading parts and site information from /home/raghu/tools/xilinx/Vivado/2013.3/data/parts/arch.xml
Parsing RTL primitives file [/home/raghu/tools/xilinx/Vivado/2013.3/data/parts/xilinx/rtl/prims/rtl_prims.xml]
Finished parsing RTL primitives file [/home/raghu/tools/xilinx/Vivado/2013.3/data/parts/xilinx/rtl/prims/rtl_prims.xml]
source updateVivado.tcl
# set projPrefix /home/raghu/w/vivadoProjects 
# set projName wideBRAM
# set folderName wideBRAM
# set projPath "${projPrefix}/${folderName}"
# set topLevelDesign "${projName}.bd"
# puts "Vivado update script: Running with the following args"
Vivado update script: Running with the following args
# puts "projPath : $projPath"
projPath : /home/raghu/w/vivadoProjects/wideBRAM
# puts "topLevelDesign: $topLevelDesign"
topLevelDesign: wideBRAM.bd
# cd $projPath
# open_project ${projName}.xpr
CRITICAL WARNING: [Common 17-48] File not found: /home/raghu/w/vivadoProjects/wideBRAM/wideBRAM.data/sources_1/fileset.xml
CRITICAL WARNING: [Common 17-48] File not found: /home/raghu/w/vivadoProjects/wideBRAM/wideBRAM.data/sim_1/fileset.xml
CRITICAL WARNING: [Common 17-48] File not found: /home/raghu/w/vivadoProjects/wideBRAM/wideBRAM.data/constrs_1/fileset.xml
CRITICAL WARNING: [Common 17-48] File not found: /home/raghu/w/vivadoProjects/wideBRAM/wideBRAM.data/runs/synth_1.psg
CRITICAL WARNING: [Project 1-192] Failed to load run synth_1. 
CRITICAL WARNING: [Common 17-48] File not found: /home/raghu/w/vivadoProjects/wideBRAM/wideBRAM.data/runs/impl_1.psg
CRITICAL WARNING: [Project 1-192] Failed to load run impl_1. 
WARNING: [Project 1-264] Active simulation fileset with name 'sim_1' not found.
# open_bd_design ${projName}.srcs/sources_1/bd/${projName}/${projName}.bd
INFO: [IP_Flow 19-234] Refreshing IP repositories
INFO: [IP_Flow 19-1704] No user repositories specified
INFO: [IP_Flow 19-2313] Loaded Vivado repository '/home/raghu/tools/xilinx/Vivado/2013.3/data/ip'.
Adding component instance block -- xilinx.com:ip:processing_system7:5.3 - processing_system7_0
WARNING: [BD 41-434] Could not find an IP with XCI file by name: wideBRAM_processing_system7_0_0 
ERROR: [BD 41-595] Failed to add ip repository block <processing_system7_0>
ERROR: [BD 41-425] Failed to read Diagram <wideBRAM> from BD file <wideBRAM.srcs/sources_1/bd/wideBRAM/wideBRAM.bd>
ERROR: [Common 17-39] 'open_bd_design' failed due to earlier errors.

    while executing
"open_bd_design ${projName}.srcs/sources_1/bd/${projName}/${projName}.bd"
    (file "updateVivado.tcl" line 13)
INFO: [Common 17-206] Exiting Vivado at Wed May 14 23:02:13 2014...
