Copyright 1986-1999, 2001-2013 Xilinx, Inc. All Rights Reserved.
----------------------------------------------------------------------------------------------
| Tool Version : Vivado v.2013.3 (lin64) Build 329390 Wed Oct 16 18:26:55 MDT 2013
| Date         : Thu May 15 18:01:11 2014
| Host         : tflop2 running 64-bit Ubuntu 12.04.2 LTS
| Command      : report_clock_utilization -file wideBRAM_wrapper_clock_utilization_placed.rpt
| Design       : wideBRAM_wrapper
| Device       : xc7z045
----------------------------------------------------------------------------------------------

Clock Utilization Report

Table of Contents
-----------------
1. Clock Primitive Utilization
2. Details of Global Clocks
3. Details of Regional Clocks
4. Details of Multi-Regional Clocks
5. Details of I/O Clocks
6. Details of Local Clocks
7. Clock Regions : Key Resource Utilization
8. Net wise resources used in clock region X0Y0
9. Net wise resources used in clock region X0Y1
10. Net wise resources used in clock region X0Y2
11. Net wise resources used in clock region X0Y3
12. Net wise resources used in clock region X0Y4
13. Net wise resources used in clock region X0Y5
14. Net wise resources used in clock region X0Y6

1. Clock Primitive Utilization
------------------------------

+-------+------+-----------+------------+
| Type  | Used | Available | Num Locked |
+-------+------+-----------+------------+
| BUFG  |    1 |        32 |          0 |
| BUFH  |    0 |       168 |          0 |
| BUFIO |    0 |        32 |          0 |
| MMCM  |    0 |         8 |          0 |
| BUFR  |    0 |        32 |          0 |
| BUFMR |    0 |        16 |          0 |
+-------+------+-----------+------------+


2. Details of Global Clocks
---------------------------

+-------+------------------------------------------------------------------------+------------------------------------------------+--------------+--------+---------------+-----------+
|       |                                                                        |                                                |   Num Loads  |        |               |           |
+-------+------------------------------------------------------------------------+------------------------------------------------+------+-------+--------+---------------+-----------+
| Index | BUFG Cell                                                              | Net Name                                       | BELs | Sites | Locked | MaxDelay (ns) | Skew (ns) |
+-------+------------------------------------------------------------------------+------------------------------------------------+------+-------+--------+---------------+-----------+
|     1 | wideBRAM_i/processing_system7_0/inst/buffer_fclk_clk_0.FCLK_CLK_0_BUFG | wideBRAM_i/processing_system7_0/inst/FCLK_CLK0 | 7724 |  2195 |     no |         1.845 |     0.590 |
+-------+------------------------------------------------------------------------+------------------------------------------------+------+-------+--------+---------------+-----------+


3. Details of Regional Clocks
-----------------------------

4. Details of Multi-Regional Clocks
-----------------------------------

5. Details of I/O Clocks
------------------------

6. Details of Local Clocks
--------------------------

7. Clock Regions : Key Resource Utilization
-------------------------------------------

+-------------------+--------------+--------------+--------------+--------------+--------------+--------------+--------------+--------------+--------------+--------------+--------------+--------------+--------------+--------------+--------------+
|                   | Global Clock |     BUFRs    |    BUFMRs    |    BUFIOs    |     MMCM     |      PLL     |      GT      |      PCI     |    ILOGIC    |    OLOGIC    |      FF      |     LUTM     |    RAMB18    |    RAMB36    |    DSP48E1   |
+-------------------+------+-------+------+-------+------+-------+------+-------+------+-------+------+-------+------+-------+------+-------+------+-------+------+-------+------+-------+------+-------+------+-------+------+-------+------+-------+
| Clock Region Name | Used | Avail | Used | Avail | Used | Avail | Used | Avail | Used | Avail | Used | Avail | Used | Avail | Used | Avail | Used | Avail | Used | Avail | Used | Avail | Used | Avail | Used | Avail | Used | Avail | Used | Avail |
+-------------------+------+-------+------+-------+------+-------+------+-------+------+-------+------+-------+------+-------+------+-------+------+-------+------+-------+------+-------+------+-------+------+-------+------+-------+------+-------+
| X0Y0              |    1 |    12 |    0 |     4 |    0 |     2 |    0 |     4 |    0 |     1 |    0 |     1 |    0 |     0 |    0 |     0 |    0 |    50 |    0 |    50 |   15 | 36000 |    0 |  6400 |    0 |   160 |    0 |    40 |    0 |    80 |
| X1Y0              |    0 |    12 |    0 |     0 |    0 |     0 |    0 |     0 |    0 |     0 |    0 |     0 |    0 |     5 |    0 |     0 |    0 |     0 |    0 |     0 |    0 | 29600 |    0 |  4200 |    0 |   160 |    0 |    40 |    0 |    60 |
| X0Y1              |    1 |    12 |    0 |     4 |    0 |     2 |    0 |     4 |    0 |     1 |    0 |     1 |    0 |     0 |    0 |     0 |    0 |    50 |    0 |    50 |    9 | 36000 |    0 |  6400 |    0 |   160 |    0 |    40 |    0 |    80 |
| X1Y1              |    0 |    12 |    0 |     0 |    0 |     0 |    0 |     0 |    0 |     0 |    0 |     0 |    0 |     5 |    0 |     0 |    0 |     0 |    0 |     0 |    0 | 29600 |    0 |  4200 |    0 |   160 |    0 |    40 |    0 |    60 |
| X0Y2              |    1 |    12 |    0 |     4 |    0 |     2 |    0 |     4 |    0 |     1 |    0 |     1 |    0 |     0 |    0 |     0 |    0 |    50 |    0 |    50 |    3 | 36000 |    0 |  6400 |    0 |   160 |    0 |    40 |    0 |    80 |
| X1Y2              |    0 |    12 |    0 |     0 |    0 |     0 |    0 |     0 |    0 |     0 |    0 |     0 |    0 |     5 |    0 |     0 |    0 |     0 |    0 |     0 |    0 | 29600 |    0 |  4200 |    0 |   160 |    0 |    40 |    0 |    60 |
| X0Y3              |    1 |    12 |    0 |     4 |    0 |     2 |    0 |     4 |    0 |     1 |    0 |     1 |    0 |     0 |    0 |     0 |    0 |    50 |    0 |    50 |    3 | 36000 |    0 |  6400 |    0 |   160 |    0 |    40 |    0 |    80 |
| X1Y3              |    0 |    12 |    0 |     0 |    0 |     0 |    0 |     0 |    0 |     0 |    0 |     0 |    0 |     5 |    0 |     1 |    0 |     0 |    0 |     0 |    0 | 28400 |    0 |  4000 |    0 |   140 |    0 |    35 |    0 |    60 |
| X0Y4              |    1 |    12 |    0 |     4 |    0 |     2 |    0 |     4 |    0 |     1 |    0 |     1 |    0 |     0 |    0 |     0 |    0 |    50 |    0 |    50 |   11 | 36000 |    0 |  6400 |    0 |   160 |    0 |    40 |    0 |    80 |
| X1Y4              |    0 |    12 |    0 |     4 |    0 |     2 |    0 |     4 |    0 |     1 |    0 |     1 |    0 |     0 |    0 |     0 |    0 |    50 |    0 |    50 |    0 | 32800 |    0 |  4600 |    0 |   200 |    0 |    50 |    0 |    60 |
| X0Y5              |    1 |    12 |    0 |     0 |    0 |     0 |    0 |     0 |    0 |     0 |    0 |     0 |    0 |     0 |    0 |     0 |    0 |     0 |    0 |     0 | 6012 | 25600 |  365 |  4000 |    1 |    80 |    3 |    20 |    0 |    40 |
| X1Y5              |    0 |    12 |    0 |     4 |    0 |     2 |    0 |     4 |    0 |     1 |    0 |     1 |    0 |     0 |    0 |     0 |    0 |    50 |    0 |    50 |    0 | 28000 |    0 |  4600 |    0 |   200 |    0 |    50 |    0 |    60 |
| X0Y6              |    1 |    12 |    0 |     0 |    0 |     0 |    0 |     0 |    0 |     0 |    0 |     0 |    0 |     0 |    0 |     0 |    0 |     0 |    0 |     0 | 1239 | 25600 |   58 |  4000 |    0 |    72 |    4 |    18 |    0 |    40 |
| X1Y6              |    0 |    12 |    0 |     4 |    0 |     2 |    0 |     4 |    0 |     1 |    0 |     1 |    0 |     0 |    0 |     0 |    0 |    50 |    0 |    50 |    0 | 28000 |    0 |  4600 |    0 |   180 |    0 |    45 |    0 |    60 |
+-------------------+------+-------+------+-------+------+-------+------+-------+------+-------+------+-------+------+-------+------+-------+------+-------+------+-------+------+-------+------+-------+------+-------+------+-------+------+-------+
* RAMB36 site can be used as two RAMB18/FIFO18 sites


8. Net wise resources used in clock region X0Y0
-----------------------------------------------

+-------------+--------+-----------+-----------+---------+---------+-----+-------+----------+------+------------------------------------------------+
| Source Type | Locked | MMCM Pins | BRAM Pins | ILOGICs | OLOGICs | FFs | LUTMs | DSP48E1s | PLLs |                                 Clock Net Name |
+-------------+--------+-----------+-----------+---------+---------+-----+-------+----------+------+------------------------------------------------+
| BUFG        |   no   |         0 |         0 |       0 |       0 |  15 |     0 |        0 |    0 | wideBRAM_i/processing_system7_0/inst/FCLK_CLK0 |
+-------------+--------+-----------+-----------+---------+---------+-----+-------+----------+------+------------------------------------------------+


9. Net wise resources used in clock region X0Y1
-----------------------------------------------

+-------------+--------+-----------+-----------+---------+---------+-----+-------+----------+------+------------------------------------------------+
| Source Type | Locked | MMCM Pins | BRAM Pins | ILOGICs | OLOGICs | FFs | LUTMs | DSP48E1s | PLLs |                                 Clock Net Name |
+-------------+--------+-----------+-----------+---------+---------+-----+-------+----------+------+------------------------------------------------+
| BUFG        |   no   |         0 |         0 |       0 |       0 |   9 |     0 |        0 |    0 | wideBRAM_i/processing_system7_0/inst/FCLK_CLK0 |
+-------------+--------+-----------+-----------+---------+---------+-----+-------+----------+------+------------------------------------------------+


10. Net wise resources used in clock region X0Y2
------------------------------------------------

+-------------+--------+-----------+-----------+---------+---------+-----+-------+----------+------+------------------------------------------------+
| Source Type | Locked | MMCM Pins | BRAM Pins | ILOGICs | OLOGICs | FFs | LUTMs | DSP48E1s | PLLs |                                 Clock Net Name |
+-------------+--------+-----------+-----------+---------+---------+-----+-------+----------+------+------------------------------------------------+
| BUFG        |   no   |         0 |         0 |       0 |       0 |   3 |     0 |        0 |    0 | wideBRAM_i/processing_system7_0/inst/FCLK_CLK0 |
+-------------+--------+-----------+-----------+---------+---------+-----+-------+----------+------+------------------------------------------------+


11. Net wise resources used in clock region X0Y3
------------------------------------------------

+-------------+--------+-----------+-----------+---------+---------+-----+-------+----------+------+------------------------------------------------+
| Source Type | Locked | MMCM Pins | BRAM Pins | ILOGICs | OLOGICs | FFs | LUTMs | DSP48E1s | PLLs |                                 Clock Net Name |
+-------------+--------+-----------+-----------+---------+---------+-----+-------+----------+------+------------------------------------------------+
| BUFG        |   no   |         0 |         0 |       0 |       0 |   3 |     0 |        0 |    0 | wideBRAM_i/processing_system7_0/inst/FCLK_CLK0 |
+-------------+--------+-----------+-----------+---------+---------+-----+-------+----------+------+------------------------------------------------+


12. Net wise resources used in clock region X0Y4
------------------------------------------------

+-------------+--------+-----------+-----------+---------+---------+-----+-------+----------+------+------------------------------------------------+
| Source Type | Locked | MMCM Pins | BRAM Pins | ILOGICs | OLOGICs | FFs | LUTMs | DSP48E1s | PLLs |                                 Clock Net Name |
+-------------+--------+-----------+-----------+---------+---------+-----+-------+----------+------+------------------------------------------------+
| BUFG        |   no   |         0 |         0 |       0 |       0 |  11 |     0 |        0 |    0 | wideBRAM_i/processing_system7_0/inst/FCLK_CLK0 |
+-------------+--------+-----------+-----------+---------+---------+-----+-------+----------+------+------------------------------------------------+


13. Net wise resources used in clock region X0Y5
------------------------------------------------

+-------------+--------+-----------+-----------+---------+---------+------+-------+----------+------+------------------------------------------------+
| Source Type | Locked | MMCM Pins | BRAM Pins | ILOGICs | OLOGICs |  FFs | LUTMs | DSP48E1s | PLLs |                                 Clock Net Name |
+-------------+--------+-----------+-----------+---------+---------+------+-------+----------+------+------------------------------------------------+
| BUFG        |   no   |         0 |         8 |       0 |       0 | 6012 |   365 |        0 |    0 | wideBRAM_i/processing_system7_0/inst/FCLK_CLK0 |
+-------------+--------+-----------+-----------+---------+---------+------+-------+----------+------+------------------------------------------------+


14. Net wise resources used in clock region X0Y6
------------------------------------------------

+-------------+--------+-----------+-----------+---------+---------+------+-------+----------+------+------------------------------------------------+
| Source Type | Locked | MMCM Pins | BRAM Pins | ILOGICs | OLOGICs |  FFs | LUTMs | DSP48E1s | PLLs |                                 Clock Net Name |
+-------------+--------+-----------+-----------+---------+---------+------+-------+----------+------+------------------------------------------------+
| BUFG        |   no   |         0 |         8 |       0 |       0 | 1239 |    58 |        0 |    0 | wideBRAM_i/processing_system7_0/inst/FCLK_CLK0 |
+-------------+--------+-----------+-----------+---------+---------+------+-------+----------+------+------------------------------------------------+



# Location of BUFG Primitives 
set_property LOC BUFGCTRL_X0Y16 [get_cells wideBRAM_i/processing_system7_0/inst/buffer_fclk_clk_0.FCLK_CLK_0_BUFG]

# Location of IO Clock Primitives

# Location of MMCM Clock Primitives

# Location of BUFH Clock Primitives

# Location of BUFR Clock Primitives

# Location of BUFMR Clock Primitives

# Location of PLL Clock Primitives

# Location of IO Primitives which is load of clock spine

# Location of clock ports

# Clock net "wideBRAM_i/processing_system7_0/inst/FCLK_CLK0" driven by instance "wideBRAM_i/processing_system7_0/inst/buffer_fclk_clk_0.FCLK_CLK_0_BUFG" located at site "BUFGCTRL_X0Y16"
#startgroup
create_pblock CLKAG_wideBRAM_i/processing_system7_0/inst/FCLK_CLK0
add_cells_to_pblock [get_pblocks  CLKAG_wideBRAM_i/processing_system7_0/inst/FCLK_CLK0] [get_cells  -filter { IS_PRIMITIVE==1 && PRIMITIVE_LEVEL !=INTERNAL } -of_object [get_pins -filter {DIRECTION==IN} -of_objects [get_nets -hierarchical -filter {PARENT=="wideBRAM_i/processing_system7_0/inst/FCLK_CLK0"}]]]
resize_pblock [get_pblocks CLKAG_wideBRAM_i/processing_system7_0/inst/FCLK_CLK0] -add {CLOCKREGION_X0Y0:CLOCKREGION_X0Y0 CLOCKREGION_X0Y1:CLOCKREGION_X0Y1 CLOCKREGION_X0Y2:CLOCKREGION_X0Y2 CLOCKREGION_X0Y3:CLOCKREGION_X0Y3 CLOCKREGION_X0Y4:CLOCKREGION_X0Y4 CLOCKREGION_X0Y5:CLOCKREGION_X0Y5 CLOCKREGION_X0Y6:CLOCKREGION_X0Y6}
#endgroup
