Copyright 1986-1999, 2001-2013 Xilinx, Inc. All Rights Reserved.
--------------------------------------------------------------------------------------------------------------------------------------
| Tool Version : Vivado v.2013.3 (lin64) Build 329390 Wed Oct 16 18:26:55 MDT 2013
| Date         : Thu May 15 18:37:16 2014
| Host         : tflop2 running 64-bit Ubuntu 12.04.2 LTS
| Command      : report_timing_summary -file wideBRAM_wrapper_timing_summary_routed.rpt -pb wideBRAM_wrapper_timing_summary_routed.pb
| Design       : wideBRAM_wrapper
| Device       : 7z045-ffg900
| Speed File   : -2  PRODUCTION 1.08 2013-09-28
--------------------------------------------------------------------------------------------------------------------------------------

Timing Summary Report

------------------------------------------------------------------------------------------------
| Timer Settings
| --------------
------------------------------------------------------------------------------------------------

  Enable Multi Corner Analysis               :  Yes
  Enable Pessimism Removal                   :  Yes
  Pessimism Removal Resolution               :  Nearest Common Node
  Enable Input Delay Default Clock           :  No
  Enable Preset / Clear Arcs                 :  No
  Disable Flight Delays                      :  No

  Corner  Analyze    Analyze    
  Name    Max Paths  Min Paths  
  ------  ---------  ---------  
  Slow    Yes        Yes        
  Fast    Yes        Yes        


------------------------------------------------------------------------------------------------
| Check Timing
| ------------
------------------------------------------------------------------------------------------------


Checking 'no_clock'.
 There are 0 register/latch pins with no clock.
 There are 0 register/latch pins with constant_clock.

Checking 'unconstrained_internal_endpoints'.
 There are 0 pins that are not constrained for maximum delay.
 There are 0 pins that are not constrained for maximum delay due to constant clock.

Checking 'no_input_delay'.
 There are 0 input ports with no input delay specified.

Checking 'no_output_delay'.
 There are 0 ports with no output delay specified.

Checking 'multiple_clock'.
 There are 0 register/latch pins with related clocks.
 There are 0 register/latch pins with exclusive clocks.

Checking 'generated_clocks'.
 There are 0 generated clocks that are not connected to a clock source.

Checking 'loops'.
 There are 0 combinational loops in the design.

Checking 'partial_input_delay'.
 There are 0 input ports with partial input delay specified.

Checking 'partial_output_delay'.
 There are 0 ports with partial output delay specified.

Checking 'unexpandable_clocks'.
 There are 0 related clock pairs.
 There are 0 User Ignored clock pairs.

Checking 'latch_loops'.
 There are 0 combinational latch loops in the design through latch input

------------------------------------------------------------------------------------------------
| Design Timing Summary
| ---------------------
------------------------------------------------------------------------------------------------

    WNS(ns)      TNS(ns)  TNS Failing Endpoints  TNS Total Endpoints      WHS(ns)      THS(ns)  THS Failing Endpoints  THS Total Endpoints     WPWS(ns)     TPWS(ns)  TPWS Failing Endpoints  TPWS Total Endpoints  
    -------      -------  ---------------------  -------------------      -------      -------  ---------------------  -------------------     --------     --------  ----------------------  --------------------  
     11.230        0.000                      0                19801        0.015        0.000                      0                19801        9.232        0.000                       0                  7862  


All user specified timing constraints are met.


------------------------------------------------------------------------------------------------
| Clock Summary
| -------------
------------------------------------------------------------------------------------------------

Clock       Waveform(ns)       Period(ns)      Frequency(MHz)
-----       ------------       ----------      --------------
clk_fpga_0  {0.000 10.000}     20.000          50.000          


------------------------------------------------------------------------------------------------
| Intra Clock Table
| -----------------
------------------------------------------------------------------------------------------------

Clock             WNS(ns)      TNS(ns)  TNS Failing Endpoints  TNS Total Endpoints      WHS(ns)      THS(ns)  THS Failing Endpoints  THS Total Endpoints     WPWS(ns)     TPWS(ns)  TPWS Failing Endpoints  TPWS Total Endpoints  
-----             -------      -------  ---------------------  -------------------      -------      -------  ---------------------  -------------------     --------     --------  ----------------------  --------------------  
clk_fpga_0         12.516        0.000                      0                19570        0.015        0.000                      0                19570        9.232        0.000                       0                  7862  


------------------------------------------------------------------------------------------------
| Inter Clock Table
| -----------------
------------------------------------------------------------------------------------------------

From Clock    To Clock          WNS(ns)      TNS(ns)  TNS Failing Endpoints  TNS Total Endpoints      WHS(ns)      THS(ns)  THS Failing Endpoints  THS Total Endpoints  
----------    --------          -------      -------  ---------------------  -------------------      -------      -------  ---------------------  -------------------  


------------------------------------------------------------------------------------------------
| Other Path Groups Table
| -----------------------
------------------------------------------------------------------------------------------------

Path Group         From Clock         To Clock               WNS(ns)      TNS(ns)  TNS Failing Endpoints  TNS Total Endpoints      WHS(ns)      THS(ns)  THS Failing Endpoints  THS Total Endpoints  
----------         ----------         --------               -------      -------  ---------------------  -------------------      -------      -------  ---------------------  -------------------  
**async_default**  clk_fpga_0         clk_fpga_0              11.230        0.000                      0                  231        0.088        0.000                      0                  231  


------------------------------------------------------------------------------------------------
| Timing Details
| --------------
------------------------------------------------------------------------------------------------


---------------------------------------------------------------------------------------------------
From Clock:  clk_fpga_0
  To Clock:  clk_fpga_0

Setup :            0  Failing Endpoints,  Worst Slack       12.516ns,  Total Violation        0.000ns
Hold  :            0  Failing Endpoints,  Worst Slack        0.015ns,  Total Violation        0.000ns
PW    :            0  Failing Endpoints,  Worst Slack        9.232ns,  Total Violation        0.000ns
---------------------------------------------------------------------------------------------------


Max Delay Paths
--------------------------------------------------------------------------------------
Slack (MET) :             12.516ns  (required time - arrival time)
  Source:                 wideBRAM_i/proc_sys_reset/U0/ACTIVE_LOW_PR_OUT_DFF[0].peripheral_aresetn_reg[0]/C
                            (rising edge-triggered cell FDRE clocked by clk_fpga_0  {rise@0.000ns fall@10.000ns period=20.000ns})
  Destination:            wideBRAM_i/axi_bram_ctrl_0/U0/gext_inst.abcv3_0_ext_inst/GEN_AXI4.I_FULL_AXI/I_RD_CHNL/FSM_onehot_rlast_sm_cs_reg[1]/R
                            (rising edge-triggered cell FDRE clocked by clk_fpga_0  {rise@0.000ns fall@10.000ns period=20.000ns})
  Path Group:             clk_fpga_0
  Path Type:              Setup (Max at Slow Process Corner)
  Requirement:            20.000ns  (clk_fpga_0 rise@20.000ns - clk_fpga_0 rise@0.000ns)
  Data Path Delay:        6.569ns  (logic 0.266ns (4.049%)  route 6.303ns (95.951%))
  Logic Levels:           1  (LUT1=1)
  Clock Path Skew:        -0.309ns (DCD - SCD + CPR)
    Destination Clock Delay (DCD):    5.389ns = ( 25.389 - 20.000 ) 
    Source Clock Delay      (SCD):    6.509ns
    Clock Pessimism Removal (CPR):    0.811ns
  Clock Uncertainty:      0.302ns  ((TSJ^2 + TIJ^2)^1/2 + DJ) / 2 + PE
    Total System Jitter     (TSJ):    0.071ns
    Total Input Jitter      (TIJ):    0.600ns
    Discrete Jitter          (DJ):    0.000ns
    Phase Error              (PE):    0.000ns

    Location             Delay type                Incr(ns)  Path(ns)    Netlist Resource(s)
  -------------------------------------------------------------------    -------------------
                         (clock clk_fpga_0 rise edge)
                                                      0.000     0.000 r  
    PS7_X0Y0             PS7                          0.000     0.000 r  wideBRAM_i/processing_system7_0/inst/PS7_i/FCLKCLK[0]
                         net (fo=1, routed)           4.698     4.698    wideBRAM_i/processing_system7_0/inst/FCLK_CLK_unbuffered[0]
    BUFGCTRL_X0Y16       BUFG (Prop_bufg_I_O)         0.093     4.791 r  wideBRAM_i/processing_system7_0/inst/buffer_fclk_clk_0.FCLK_CLK_0_BUFG/O
                         net (fo=7863, routed)        1.718     6.509    wideBRAM_i/proc_sys_reset/U0/slowest_sync_clk
    SLICE_X44Y316                                                     r  wideBRAM_i/proc_sys_reset/U0/ACTIVE_LOW_PR_OUT_DFF[0].peripheral_aresetn_reg[0]/C
  -------------------------------------------------------------------    -------------------
    SLICE_X44Y316        FDRE (Prop_fdre_C_Q)         0.223     6.732 f  wideBRAM_i/proc_sys_reset/U0/ACTIVE_LOW_PR_OUT_DFF[0].peripheral_aresetn_reg[0]/Q
                         net (fo=130, routed)         3.072     9.803    wideBRAM_i/axi_bram_ctrl_0/s_axi_aresetn
    SLICE_X36Y273        LUT1 (Prop_lut1_I0_O)        0.043     9.846 r  wideBRAM_i/axi_bram_ctrl_0/bram_rst_a_INST_0/O
                         net (fo=295, routed)         3.232    13.078    wideBRAM_i/axi_bram_ctrl_0/bram_rst_a
    SLICE_X80Y270        FDRE                                         r  wideBRAM_i/axi_bram_ctrl_0/U0/gext_inst.abcv3_0_ext_inst/GEN_AXI4.I_FULL_AXI/I_RD_CHNL/FSM_onehot_rlast_sm_cs_reg[1]/R
  -------------------------------------------------------------------    -------------------

                         (clock clk_fpga_0 rise edge)
                                                     20.000    20.000 r  
    PS7_X0Y0                                          0.000    20.000 r  wideBRAM_i/processing_system7_0/inst/PS7_i/FCLKCLK[0]
                         net (fo=1, routed)           3.970    23.970    wideBRAM_i/processing_system7_0/inst/FCLK_CLK_unbuffered[0]
    BUFGCTRL_X0Y16       BUFG (Prop_bufg_I_O)         0.083    24.053 r  wideBRAM_i/processing_system7_0/inst/buffer_fclk_clk_0.FCLK_CLK_0_BUFG/O
                         net (fo=7863, routed)        1.336    25.389    wideBRAM_i/axi_bram_ctrl_0/s_axi_aclk
    SLICE_X80Y270                                                     r  wideBRAM_i/axi_bram_ctrl_0/U0/gext_inst.abcv3_0_ext_inst/GEN_AXI4.I_FULL_AXI/I_RD_CHNL/FSM_onehot_rlast_sm_cs_reg[1]/C
                         clock pessimism              0.811    26.200    
                         clock uncertainty           -0.302    25.898    
    SLICE_X80Y270        FDRE (Setup_fdre_C_R)       -0.304    25.594    wideBRAM_i/axi_bram_ctrl_0/U0/gext_inst.abcv3_0_ext_inst/GEN_AXI4.I_FULL_AXI/I_RD_CHNL/FSM_onehot_rlast_sm_cs_reg[1]
  -------------------------------------------------------------------
                         required time                         25.594    
                         arrival time                         -13.078    
  -------------------------------------------------------------------
                         slack                                 12.516    





Min Delay Paths
--------------------------------------------------------------------------------------
Slack (MET) :             0.015ns  (arrival time - required time)
  Source:                 wideBRAM_i/axi_bram_ctrl_0/U0/gext_inst.abcv3_0_ext_inst/GEN_AXI4.I_FULL_AXI/I_WR_CHNL/GEN_WRDATA[6].bram_wrdata_int_reg[6]/C
                            (rising edge-triggered cell FDRE clocked by clk_fpga_0  {rise@0.000ns fall@10.000ns period=20.000ns})
  Destination:            wideBRAM_i/blk_mem_gen_0/U0/inst_blk_mem_gen/gnativebmg.native_blk_mem_gen/valid.cstr/ramloop[0].ram.r/v6_init.ram/NO_BMM_INFO.TRUE_DP.SIMPLE_PRIM18.ram/DIADI[6]
                            (rising edge-triggered cell RAMB18E1 clocked by clk_fpga_0  {rise@0.000ns fall@10.000ns period=20.000ns})
  Path Group:             clk_fpga_0
  Path Type:              Hold (Min at Fast Process Corner)
  Requirement:            0.000ns  (clk_fpga_0 rise@0.000ns - clk_fpga_0 rise@0.000ns)
  Data Path Delay:        0.321ns  (logic 0.091ns (28.359%)  route 0.230ns (71.641%))
  Logic Levels:           0  
  Clock Path Skew:        0.046ns (DCD - SCD - CPR)
    Destination Clock Delay (DCD):    4.010ns
    Source Clock Delay      (SCD):    3.282ns
    Clock Pessimism Removal (CPR):    0.683ns

    Location             Delay type                Incr(ns)  Path(ns)    Netlist Resource(s)
  -------------------------------------------------------------------    -------------------
                         (clock clk_fpga_0 rise edge)
                                                      0.000     0.000 r  
    PS7_X0Y0             PS7                          0.000     0.000 r  wideBRAM_i/processing_system7_0/inst/PS7_i/FCLKCLK[0]
                         net (fo=1, routed)           2.547     2.547    wideBRAM_i/processing_system7_0/inst/FCLK_CLK_unbuffered[0]
    BUFGCTRL_X0Y16       BUFG (Prop_bufg_I_O)         0.026     2.573 r  wideBRAM_i/processing_system7_0/inst/buffer_fclk_clk_0.FCLK_CLK_0_BUFG/O
                         net (fo=7863, routed)        0.709     3.282    wideBRAM_i/axi_bram_ctrl_0/s_axi_aclk
    SLICE_X33Y292                                                     r  wideBRAM_i/axi_bram_ctrl_0/U0/gext_inst.abcv3_0_ext_inst/GEN_AXI4.I_FULL_AXI/I_WR_CHNL/GEN_WRDATA[6].bram_wrdata_int_reg[6]/C
  -------------------------------------------------------------------    -------------------
    SLICE_X33Y292        FDRE (Prop_fdre_C_Q)         0.091     3.373 r  wideBRAM_i/axi_bram_ctrl_0/U0/gext_inst.abcv3_0_ext_inst/GEN_AXI4.I_FULL_AXI/I_WR_CHNL/GEN_WRDATA[6].bram_wrdata_int_reg[6]/Q
                         net (fo=1, routed)           0.230     3.603    wideBRAM_i/blk_mem_gen_0/dina[6]
    RAMB18_X2Y118        RAMB18E1                                     r  wideBRAM_i/blk_mem_gen_0/U0/inst_blk_mem_gen/gnativebmg.native_blk_mem_gen/valid.cstr/ramloop[0].ram.r/v6_init.ram/NO_BMM_INFO.TRUE_DP.SIMPLE_PRIM18.ram/DIADI[6]
  -------------------------------------------------------------------    -------------------

                         (clock clk_fpga_0 rise edge)
                                                      0.000     0.000 r  
    PS7_X0Y0                                          0.000     0.000 r  wideBRAM_i/processing_system7_0/inst/PS7_i/FCLKCLK[0]
                         net (fo=1, routed)           2.994     2.994    wideBRAM_i/processing_system7_0/inst/FCLK_CLK_unbuffered[0]
    BUFGCTRL_X0Y16       BUFG (Prop_bufg_I_O)         0.030     3.024 r  wideBRAM_i/processing_system7_0/inst/buffer_fclk_clk_0.FCLK_CLK_0_BUFG/O
                         net (fo=7863, routed)        0.987     4.010    wideBRAM_i/blk_mem_gen_0/clka
    RAMB18_X2Y118                                                     r  wideBRAM_i/blk_mem_gen_0/U0/inst_blk_mem_gen/gnativebmg.native_blk_mem_gen/valid.cstr/ramloop[0].ram.r/v6_init.ram/NO_BMM_INFO.TRUE_DP.SIMPLE_PRIM18.ram/CLKARDCLK
                         clock pessimism             -0.683     3.327    
    RAMB18_X2Y118        RAMB18E1 (Hold_ramb18e1_CLKARDCLK_DIADI[6])
                                                      0.260     3.587    wideBRAM_i/blk_mem_gen_0/U0/inst_blk_mem_gen/gnativebmg.native_blk_mem_gen/valid.cstr/ramloop[0].ram.r/v6_init.ram/NO_BMM_INFO.TRUE_DP.SIMPLE_PRIM18.ram
  -------------------------------------------------------------------
                         required time                         -3.587    
                         arrival time                           3.603    
  -------------------------------------------------------------------
                         slack                                  0.015    





Pulse Width Checks
--------------------------------------------------------------------------------------
Clock Name:         clk_fpga_0
Waveform:           { 0 10 }
Period:             20.000
Sources:            { wideBRAM_i/processing_system7_0/inst/PS7_i/FCLKCLK[0] }

Check Type        Corner  Lib Pin             Reference Pin  Required  Actual  Slack   Location       Pin
Min Period        n/a     RAMB18E1/CLKARDCLK  n/a            1.839     20.000  18.161  RAMB18_X2Y118  wideBRAM_i/blk_mem_gen_0/U0/inst_blk_mem_gen/gnativebmg.native_blk_mem_gen/valid.cstr/ramloop[0].ram.r/v6_init.ram/NO_BMM_INFO.TRUE_DP.SIMPLE_PRIM18.ram/CLKARDCLK
Low Pulse Width   Slow    RAMD32/CLK          n/a            0.768     10.000  9.232   SLICE_X62Y257  wideBRAM_i/axi_mem_intercon/m00_couplers/auto_ds/inst/gen_downsizer.gen_cascaded_downsizer.first_downsizer_inst/USE_READ.read_addr_inst/cmd_queue/inst/fifo_gen_inst/inst_fifo_gen/gconvfifo.rf/grf.rf/gntv_or_sync_fifo.mem/gdm.dm/RAM_reg_0_31_12_17/RAMA/CLK
High Pulse Width  Fast    RAMD32/CLK          n/a            0.768     10.000  9.232   SLICE_X58Y256  wideBRAM_i/axi_mem_intercon/m00_couplers/auto_ds/inst/gen_downsizer.gen_cascaded_downsizer.first_downsizer_inst/USE_READ.read_addr_inst/cmd_queue/inst/fifo_gen_inst/inst_fifo_gen/gconvfifo.rf/grf.rf/gntv_or_sync_fifo.mem/gdm.dm/RAM_reg_0_31_0_5/RAMA/CLK



---------------------------------------------------------------------------------------------------
Path Group:  **async_default**
From Clock:  clk_fpga_0
  To Clock:  clk_fpga_0

Setup :            0  Failing Endpoints,  Worst Slack       11.230ns,  Total Violation        0.000ns
Hold  :            0  Failing Endpoints,  Worst Slack        0.088ns,  Total Violation        0.000ns
---------------------------------------------------------------------------------------------------


Max Delay Paths
--------------------------------------------------------------------------------------
Slack (MET) :             11.230ns  (required time - arrival time)
  Source:                 wideBRAM_i/proc_sys_reset/U0/ACTIVE_LOW_BSR_OUT_DFF[0].interconnect_aresetn_reg[0]/C
                            (rising edge-triggered cell FDRE clocked by clk_fpga_0  {rise@0.000ns fall@10.000ns period=20.000ns})
  Destination:            wideBRAM_i/axi_mem_intercon/m00_couplers/auto_ds/inst/gen_downsizer.gen_cascaded_downsizer.first_downsizer_inst/USE_WRITE.write_addr_inst/cmd_queue/inst/fifo_gen_inst/inst_fifo_gen/gconvfifo.rf/grf.rf/rstblk/ngwrdrst.grst.rd_rst_asreg_reg/PRE
                            (recovery check against rising-edge clock clk_fpga_0  {rise@0.000ns fall@10.000ns period=20.000ns})
  Path Group:             **async_default**
  Path Type:              Recovery (Max at Slow Process Corner)
  Requirement:            20.000ns  (clk_fpga_0 rise@20.000ns - clk_fpga_0 rise@0.000ns)
  Data Path Delay:        7.757ns  (logic 0.266ns (3.429%)  route 7.491ns (96.571%))
  Logic Levels:           1  (LUT1=1)
  Clock Path Skew:        -0.533ns (DCD - SCD + CPR)
    Destination Clock Delay (DCD):    5.238ns = ( 25.238 - 20.000 ) 
    Source Clock Delay      (SCD):    6.509ns
    Clock Pessimism Removal (CPR):    0.738ns
  Clock Uncertainty:      0.302ns  ((TSJ^2 + TIJ^2)^1/2 + DJ) / 2 + PE
    Total System Jitter     (TSJ):    0.071ns
    Total Input Jitter      (TIJ):    0.600ns
    Discrete Jitter          (DJ):    0.000ns
    Phase Error              (PE):    0.000ns

    Location             Delay type                Incr(ns)  Path(ns)    Netlist Resource(s)
  -------------------------------------------------------------------    -------------------
                         (clock clk_fpga_0 rise edge)
                                                      0.000     0.000 r  
    PS7_X0Y0             PS7                          0.000     0.000 r  wideBRAM_i/processing_system7_0/inst/PS7_i/FCLKCLK[0]
                         net (fo=1, routed)           4.698     4.698    wideBRAM_i/processing_system7_0/inst/FCLK_CLK_unbuffered[0]
    BUFGCTRL_X0Y16       BUFG (Prop_bufg_I_O)         0.093     4.791 r  wideBRAM_i/processing_system7_0/inst/buffer_fclk_clk_0.FCLK_CLK_0_BUFG/O
                         net (fo=7863, routed)        1.718     6.509    wideBRAM_i/proc_sys_reset/U0/slowest_sync_clk
    SLICE_X44Y316                                                     r  wideBRAM_i/proc_sys_reset/U0/ACTIVE_LOW_BSR_OUT_DFF[0].interconnect_aresetn_reg[0]/C
  -------------------------------------------------------------------    -------------------
    SLICE_X44Y316        FDRE (Prop_fdre_C_Q)         0.223     6.732 r  wideBRAM_i/proc_sys_reset/U0/ACTIVE_LOW_BSR_OUT_DFF[0].interconnect_aresetn_reg[0]/Q
                         net (fo=43, routed)          2.149     8.881    wideBRAM_i/axi_mem_intercon/m00_couplers/auto_ds/inst/s_axi_aresetn
    SLICE_X53Y253        LUT1 (Prop_lut1_I0_O)        0.043     8.924 f  wideBRAM_i/axi_mem_intercon/m00_couplers/auto_ds/inst/S_AXI_ASIZE_Q[2]_i_1/O
                         net (fo=626, routed)         5.342    14.265    wideBRAM_i/axi_mem_intercon/m00_couplers/auto_ds/inst/n_0_S_AXI_ASIZE_Q[2]_i_1
    SLICE_X23Y102        FDPE                                         f  wideBRAM_i/axi_mem_intercon/m00_couplers/auto_ds/inst/gen_downsizer.gen_cascaded_downsizer.first_downsizer_inst/USE_WRITE.write_addr_inst/cmd_queue/inst/fifo_gen_inst/inst_fifo_gen/gconvfifo.rf/grf.rf/rstblk/ngwrdrst.grst.rd_rst_asreg_reg/PRE
  -------------------------------------------------------------------    -------------------

                         (clock clk_fpga_0 rise edge)
                                                     20.000    20.000 r  
    PS7_X0Y0                                          0.000    20.000 r  wideBRAM_i/processing_system7_0/inst/PS7_i/FCLKCLK[0]
                         net (fo=1, routed)           3.970    23.970    wideBRAM_i/processing_system7_0/inst/FCLK_CLK_unbuffered[0]
    BUFGCTRL_X0Y16       BUFG (Prop_bufg_I_O)         0.083    24.053 r  wideBRAM_i/processing_system7_0/inst/buffer_fclk_clk_0.FCLK_CLK_0_BUFG/O
                         net (fo=7863, routed)        1.185    25.238    wideBRAM_i/axi_mem_intercon/m00_couplers/auto_ds/inst/s_axi_aclk
    SLICE_X23Y102                                                     r  wideBRAM_i/axi_mem_intercon/m00_couplers/auto_ds/inst/gen_downsizer.gen_cascaded_downsizer.first_downsizer_inst/USE_WRITE.write_addr_inst/cmd_queue/inst/fifo_gen_inst/inst_fifo_gen/gconvfifo.rf/grf.rf/rstblk/ngwrdrst.grst.rd_rst_asreg_reg/C
                         clock pessimism              0.738    25.976    
                         clock uncertainty           -0.302    25.674    
    SLICE_X23Y102        FDPE (Recov_fdpe_C_PRE)     -0.178    25.496    wideBRAM_i/axi_mem_intercon/m00_couplers/auto_ds/inst/gen_downsizer.gen_cascaded_downsizer.first_downsizer_inst/USE_WRITE.write_addr_inst/cmd_queue/inst/fifo_gen_inst/inst_fifo_gen/gconvfifo.rf/grf.rf/rstblk/ngwrdrst.grst.rd_rst_asreg_reg
  -------------------------------------------------------------------
                         required time                         25.496    
                         arrival time                         -14.265    
  -------------------------------------------------------------------
                         slack                                 11.230    





Min Delay Paths
--------------------------------------------------------------------------------------
Slack (MET) :             0.088ns  (arrival time - required time)
  Source:                 wideBRAM_i/axi_mem_intercon/m00_couplers/auto_ds/inst/gen_downsizer.gen_cascaded_downsizer.first_downsizer_inst/USE_WRITE.write_addr_inst/USE_B_CHANNEL.cmd_b_queue/inst/fifo_gen_inst/inst_fifo_gen/gconvfifo.rf/grf.rf/rstblk/ngwrdrst.grst.wr_rst_reg_reg[1]/C
                            (rising edge-triggered cell FDPE clocked by clk_fpga_0  {rise@0.000ns fall@10.000ns period=20.000ns})
  Destination:            wideBRAM_i/axi_mem_intercon/m00_couplers/auto_ds/inst/gen_downsizer.gen_cascaded_downsizer.first_downsizer_inst/USE_WRITE.write_addr_inst/USE_B_CHANNEL.cmd_b_queue/inst/fifo_gen_inst/inst_fifo_gen/gconvfifo.rf/grf.rf/gntv_or_sync_fifo.gl0.wr/wpntr/gcc0.gc0.count_reg[1]/CLR
                            (removal check against rising-edge clock clk_fpga_0  {rise@0.000ns fall@10.000ns period=20.000ns})
  Path Group:             **async_default**
  Path Type:              Removal (Min at Fast Process Corner)
  Requirement:            0.000ns  (clk_fpga_0 rise@0.000ns - clk_fpga_0 rise@0.000ns)
  Data Path Delay:        0.317ns  (logic 0.100ns (31.576%)  route 0.217ns (68.424%))
  Logic Levels:           0  
  Clock Path Skew:        0.298ns (DCD - SCD - CPR)
    Destination Clock Delay (DCD):    3.980ns
    Source Clock Delay      (SCD):    3.203ns
    Clock Pessimism Removal (CPR):    0.479ns

    Location             Delay type                Incr(ns)  Path(ns)    Netlist Resource(s)
  -------------------------------------------------------------------    -------------------
                         (clock clk_fpga_0 rise edge)
                                                      0.000     0.000 r  
    PS7_X0Y0             PS7                          0.000     0.000 r  wideBRAM_i/processing_system7_0/inst/PS7_i/FCLKCLK[0]
                         net (fo=1, routed)           2.547     2.547    wideBRAM_i/processing_system7_0/inst/FCLK_CLK_unbuffered[0]
    BUFGCTRL_X0Y16       BUFG (Prop_bufg_I_O)         0.026     2.573 r  wideBRAM_i/processing_system7_0/inst/buffer_fclk_clk_0.FCLK_CLK_0_BUFG/O
                         net (fo=7863, routed)        0.630     3.203    wideBRAM_i/axi_mem_intercon/m00_couplers/auto_ds/inst/s_axi_aclk
    SLICE_X40Y247                                                     r  wideBRAM_i/axi_mem_intercon/m00_couplers/auto_ds/inst/gen_downsizer.gen_cascaded_downsizer.first_downsizer_inst/USE_WRITE.write_addr_inst/USE_B_CHANNEL.cmd_b_queue/inst/fifo_gen_inst/inst_fifo_gen/gconvfifo.rf/grf.rf/rstblk/ngwrdrst.grst.wr_rst_reg_reg[1]/C
  -------------------------------------------------------------------    -------------------
    SLICE_X40Y247        FDPE (Prop_fdpe_C_Q)         0.100     3.303 f  wideBRAM_i/axi_mem_intercon/m00_couplers/auto_ds/inst/gen_downsizer.gen_cascaded_downsizer.first_downsizer_inst/USE_WRITE.write_addr_inst/USE_B_CHANNEL.cmd_b_queue/inst/fifo_gen_inst/inst_fifo_gen/gconvfifo.rf/grf.rf/rstblk/ngwrdrst.grst.wr_rst_reg_reg[1]/Q
                         net (fo=10, routed)          0.217     3.519    wideBRAM_i/axi_mem_intercon/m00_couplers/auto_ds/inst/n_0_gen_downsizer.gen_cascaded_downsizer.first_downsizer_inst/USE_WRITE.write_addr_inst/USE_B_CHANNEL.cmd_b_queue/inst/fifo_gen_inst/inst_fifo_gen/gconvfifo.rf/grf.rf/rstblk/ngwrdrst.grst.wr_rst_reg_reg[1]
    SLICE_X40Y251        FDCE                                         f  wideBRAM_i/axi_mem_intercon/m00_couplers/auto_ds/inst/gen_downsizer.gen_cascaded_downsizer.first_downsizer_inst/USE_WRITE.write_addr_inst/USE_B_CHANNEL.cmd_b_queue/inst/fifo_gen_inst/inst_fifo_gen/gconvfifo.rf/grf.rf/gntv_or_sync_fifo.gl0.wr/wpntr/gcc0.gc0.count_reg[1]/CLR
  -------------------------------------------------------------------    -------------------

                         (clock clk_fpga_0 rise edge)
                                                      0.000     0.000 r  
    PS7_X0Y0                                          0.000     0.000 r  wideBRAM_i/processing_system7_0/inst/PS7_i/FCLKCLK[0]
                         net (fo=1, routed)           2.994     2.994    wideBRAM_i/processing_system7_0/inst/FCLK_CLK_unbuffered[0]
    BUFGCTRL_X0Y16       BUFG (Prop_bufg_I_O)         0.030     3.024 r  wideBRAM_i/processing_system7_0/inst/buffer_fclk_clk_0.FCLK_CLK_0_BUFG/O
                         net (fo=7863, routed)        0.956     3.980    wideBRAM_i/axi_mem_intercon/m00_couplers/auto_ds/inst/s_axi_aclk
    SLICE_X40Y251                                                     r  wideBRAM_i/axi_mem_intercon/m00_couplers/auto_ds/inst/gen_downsizer.gen_cascaded_downsizer.first_downsizer_inst/USE_WRITE.write_addr_inst/USE_B_CHANNEL.cmd_b_queue/inst/fifo_gen_inst/inst_fifo_gen/gconvfifo.rf/grf.rf/gntv_or_sync_fifo.gl0.wr/wpntr/gcc0.gc0.count_reg[1]/C
                         clock pessimism             -0.479     3.501    
    SLICE_X40Y251        FDCE (Remov_fdce_C_CLR)     -0.069     3.432    wideBRAM_i/axi_mem_intercon/m00_couplers/auto_ds/inst/gen_downsizer.gen_cascaded_downsizer.first_downsizer_inst/USE_WRITE.write_addr_inst/USE_B_CHANNEL.cmd_b_queue/inst/fifo_gen_inst/inst_fifo_gen/gconvfifo.rf/grf.rf/gntv_or_sync_fifo.gl0.wr/wpntr/gcc0.gc0.count_reg[1]
  -------------------------------------------------------------------
                         required time                         -3.432    
                         arrival time                           3.519    
  -------------------------------------------------------------------
                         slack                                  0.088    





